\BOOKMARK [1][]{section.1}{\376\377\116\000\060\001\000\040\225\356\230\230\221\315\217\360}{}% 1
\BOOKMARK [2][]{subsection.1.1}{\376\377\0001\000.\0001\000\040\225\356\230\230\200\314\146\157}{section.1}% 2
\BOOKMARK [2][]{subsection.1.2}{\376\377\0001\000.\0002\000\040\225\356\230\230\211\201\154\102}{section.1}% 3
\BOOKMARK [1][]{section.2}{\376\377\116\214\060\001\000\040\225\356\230\230\122\006\147\220}{}% 4
\BOOKMARK [2][]{subsection.2.1}{\376\377\0002\000.\0001\000\040\225\356\230\230\116\000\122\006\147\220}{section.2}% 5
\BOOKMARK [2][]{subsection.2.2}{\376\377\0002\000.\0002\000\040\225\356\230\230\116\214\122\006\147\220}{section.2}% 6
\BOOKMARK [2][]{subsection.2.3}{\376\377\0002\000.\0003\000\040\225\356\230\230\116\011\122\006\147\220}{section.2}% 7
\BOOKMARK [1][]{section.3}{\376\377\116\011\060\001\000\040\152\041\127\213\120\107\213\276}{}% 8
\BOOKMARK [1][]{section.4}{\376\377\126\333\060\001\000\040\173\046\123\367\213\364\146\016}{}% 9
\BOOKMARK [1][]{section.5}{\376\377\116\224\060\001\000\040\225\356\230\230\116\000\166\204\152\041\127\213\136\372\172\313\124\214\154\102\211\343}{}% 10
\BOOKMARK [2][]{subsection.5.1}{\376\377\0005\000.\0001\000\040\152\041\127\213\136\372\172\313}{section.5}% 11
\BOOKMARK [3][]{subsubsection.5.1.1}{\376\377\0005\000.\0001\000.\0001\000\040\174\373\176\337\176\323\147\204\116\016\127\120\150\007\174\373\133\232\116\111}{subsection.5.1}% 12
\BOOKMARK [3][]{subsubsection.5.1.2}{\376\377\0005\000.\0001\000.\0002\000\040\230\316\217\175\203\167\213\241\173\227}{subsection.5.1}% 13
\BOOKMARK [3][]{subsubsection.5.1.3}{\376\377\0005\000.\0001\000.\0003\000\040\155\156\150\007\123\327\122\233\122\006\147\220}{subsection.5.1}% 14
\BOOKMARK [3][]{subsubsection.5.1.4}{\376\377\0005\000.\0001\000.\0004\000\040\224\242\173\241\123\327\122\233\116\016\122\233\167\351\122\006\147\220}{subsection.5.1}% 15
\BOOKMARK [3][]{subsubsection.5.1.5}{\376\377\0005\000.\0001\000.\0005\000\040\224\242\150\166\123\327\122\233\122\006\147\220}{subsection.5.1}% 16
\BOOKMARK [3][]{subsubsection.5.1.6}{\376\377\0005\000.\0001\000.\0006\000\040\225\032\224\376\140\254\224\376\176\277\164\006\213\272}{subsection.5.1}% 17
\BOOKMARK [3][]{subsubsection.5.1.7}{\376\377\0005\000.\0001\000.\0007\000\040\225\032\224\376\142\326\127\060\122\044\145\255}{subsection.5.1}% 18
\BOOKMARK [3][]{subsubsection.5.1.8}{\376\377\0005\000.\0001\000.\0008\000\040\133\214\145\164\145\271\172\013\176\304}{subsection.5.1}% 19
\BOOKMARK [3][]{subsubsection.5.1.9}{\376\377\0005\000.\0001\000.\0009\000\040\121\340\117\125\176\246\147\137}{subsection.5.1}% 20
\BOOKMARK [2][]{subsection.5.2}{\376\377\0005\000.\0002\000\040\152\041\127\213\154\102\211\343}{section.5}% 21
\BOOKMARK [2][]{subsection.5.3}{\376\377\0005\000.\0003\000\040\154\102\211\343\176\323\147\234}{section.5}% 22
\BOOKMARK [3][]{subsubsection.5.3.1}{\376\377\0005\000.\0003\000.\0001\000\040\116\015\124\014\230\316\220\037\116\013\166\204\174\373\176\337\162\266\140\001}{subsection.5.3}% 23
\BOOKMARK [1][]{section.6}{\376\377\121\155\060\001\000\040\225\356\230\230\116\214\166\204\152\041\127\213\136\372\172\313\124\214\154\102\211\343}{}% 24
\BOOKMARK [2][]{subsection.6.1}{\376\377\0006\000.\0001\000\040\131\032\166\356\150\007\117\030\123\026\152\041\127\213\166\204\136\372\172\313}{section.6}% 25
\BOOKMARK [3][]{subsubsection.6.1.1}{\376\377\0006\000.\0001\000.\0001\000\040\152\041\127\213\166\204\122\115\143\320\147\141\116\366}{subsection.6.1}% 26
\BOOKMARK [3][]{subsubsection.6.1.2}{\376\377\0006\000.\0001\000.\0002\000\040\117\030\123\026\166\356\150\007\116\000\377\032\224\242\150\166\120\076\145\234\211\322\136\246\147\000\134\017}{subsection.6.1}% 27
\BOOKMARK [3][]{subsubsection.6.1.3}{\376\377\0006\000.\0001\000.\0003\000\040\117\030\123\026\166\356\150\007\116\214\377\032\155\156\150\007\166\204\124\003\154\064\155\361\136\246\147\000\134\017}{subsection.6.1}% 28
\BOOKMARK [3][]{subsubsection.6.1.4}{\376\377\0006\000.\0001\000.\0004\000\040\117\030\123\026\166\356\150\007\116\011\377\032\156\070\122\250\123\072\127\337\166\204\123\112\137\204\147\000\134\017}{subsection.6.1}% 29
\BOOKMARK [3][]{subsubsection.6.1.5}{\376\377\0006\000.\0001\000.\0005\000\040\121\263\173\126\123\330\221\317\116\016\176\246\147\137\147\141\116\366}{subsection.6.1}% 30
\BOOKMARK [3][]{subsubsection.6.1.6}{\376\377\0006\000.\0001\000.\0006\000\040\131\032\166\356\150\007\117\030\123\026\152\041\127\213\166\204\147\000\176\310\170\156\172\313}{subsection.6.1}% 31
\BOOKMARK [2][]{subsection.6.2}{\376\377\0006\000.\0002\000\040\000N\000S\000G\000A\000-\000I\000I\000I\131\032\166\356\150\007\117\030\123\026\173\227\154\325\154\102\211\343}{section.6}% 32
\BOOKMARK [3][]{subsubsection.6.2.1}{\376\377\0006\000.\0002\000.\0001\000\040\173\227\154\325\123\302\145\160\213\276\177\156}{subsection.6.2}% 33
\BOOKMARK [3][]{subsubsection.6.2.2}{\376\377\0006\000.\0002\000.\0002\000\040\173\227\154\325\155\101\172\013}{subsection.6.2}% 34
\BOOKMARK [2][]{subsection.6.3}{\376\377\0006\000.\0003\000\040\152\041\127\213\154\102\211\343\176\323\147\234\123\312\122\006\147\220}{section.6}% 35
\BOOKMARK [3][]{subsubsection.6.3.1}{\376\377\0006\000.\0003\000.\0001\000\040\155\167\227\142\230\316\220\037\116\072\0003\0006\000m\000/\000s\060\001\221\315\162\151\164\003\215\050\221\317\116\072\0001\0002\0000\0000\000k\000g\145\366}{subsection.6.3}% 36
\BOOKMARK [3][]{subsubsection.6.3.2}{\376\377\0006\000.\0003\000.\0002\000\040\000N\000S\000G\000A\000-\000I\000I\000I\173\227\154\325\117\030\123\026\176\323\147\234}{subsection.6.3}% 37
\BOOKMARK [3][]{subsubsection.6.3.3}{\376\377\0006\000.\0003\000.\0003\000\040\116\016\117\040\176\337\145\271\154\325\133\371\153\324}{subsection.6.3}% 38
\BOOKMARK [1][]{section.7}{\376\377\116\003\060\001\000\040\225\356\230\230\116\011\166\204\152\041\127\213\136\372\172\313\124\214\154\102\211\343}{}% 39
\BOOKMARK [2][]{subsection.7.1}{\376\377\0007\000.\0001\000\040\200\003\206\121\230\316\122\233\060\001\154\064\155\101\122\233\124\214\154\064\155\361\166\204\174\373\154\312\174\373\176\337\117\030\123\026\152\041\127\213}{section.7}% 40
\BOOKMARK [3][]{subsubsection.7.1.1}{\376\377\0007\000.\0001\000.\0001\000\040\152\041\127\213\122\115\143\320}{subsection.7.1}% 41
\BOOKMARK [3][]{subsubsection.7.1.2}{\376\377\0007\000.\0001\000.\0002\000\040\154\064\155\101\122\233\116\016\230\316\122\233\166\204\116\011\171\315\131\071\211\322\116\013\166\204\123\327\122\233\122\006\147\220}{subsection.7.1}% 42
\BOOKMARK [3][]{subsubsection.7.1.3}{\376\377\0007\000.\0001\000.\0003\000\040\131\032\166\356\150\007\117\030\123\026\152\041\127\213\166\204\136\372\172\313}{subsection.7.1}% 43
\BOOKMARK [3][]{subsubsection.7.1.4}{\376\377\0007\000.\0001\000.\0004\000\040\152\041\127\213\154\107\140\073}{subsection.7.1}% 44
\BOOKMARK [2][]{subsection.7.2}{\376\377\0007\000.\0002\000\040\152\041\127\213\166\204\154\102\211\343\173\227\154\325}{section.7}% 45
\BOOKMARK [2][]{subsection.7.3}{\376\377\0007\000.\0003\000\040\152\041\127\213\166\204\154\102\211\343\176\323\147\234\123\312\122\006\147\220}{section.7}% 46
\BOOKMARK [1][]{section.8}{\376\377\121\153\060\001\000\040\152\041\127\213\166\204\122\006\147\220\116\016\150\300\232\214}{}% 47
\BOOKMARK [2][]{subsection.8.1}{\376\377\0008\000.\0001\000\040\160\165\145\117\136\246\122\006\147\220}{section.8}% 48
\BOOKMARK [2][]{subsection.8.2}{\376\377\0008\000.\0002\000\040\213\357\135\356\122\006\147\220}{section.8}% 49
\BOOKMARK [1][]{section.9}{\376\377\116\135\060\001\000\040\152\041\127\213\166\204\213\304\116\367}{}% 50
\BOOKMARK [2][]{subsection.9.1}{\376\377\0009\000.\0001\000\040\152\041\127\213\166\204\117\030\160\271}{section.9}% 51
\BOOKMARK [2][]{subsection.9.2}{\376\377\0009\000.\0002\000\040\152\041\127\213\166\204\177\072\160\271}{section.9}% 52
\BOOKMARK [2][]{subsection.9.3}{\376\377\0009\000.\0003\000\040\145\071\217\333\145\271\124\021}{section.9}% 53
\BOOKMARK [1][]{section*.19}{\376\377\123\302\200\003\145\207\163\056}{}% 54
\BOOKMARK [1][]{appendix.1.A}{\376\377\226\104\137\125\000\040\000A\000\040\116\073\211\201\172\013\136\217\116\343\170\001}{}% 55
\BOOKMARK [1][]{appendix.1.B}{\376\377\226\104\137\125\000\040\000B\000\040\225\356\230\230\116\000\133\214\145\164\145\271\172\013\176\304}{}% 56
\BOOKMARK [1][]{appendix.1.C}{\376\377\226\104\137\125\000\040\000C\000\040\150\070\137\303\173\227\154\325\116\343\170\001\162\107\153\265}{}% 57
\BOOKMARK [2][]{subsection.1.C.1}{\376\377\0003\000.\0001\000\040\122\032\117\123\122\233\133\146\145\271\172\013\176\304\377\010\000M\000A\000T\000L\000A\000B\377\011}{appendix.1.C}% 58
\BOOKMARK [2][]{subsection.1.C.2}{\376\377\0003\000.\0002\000\040\000N\000S\000G\000A\000-\000I\000I\000I\150\070\137\303\144\315\117\134\377\010\000M\000A\000T\000L\000A\000B\377\011}{appendix.1.C}% 59
\BOOKMARK [1][]{appendix.1.D}{\376\377\226\104\137\125\000\040\000D\000\040\213\346\176\306\213\241\173\227\176\323\147\234}{}% 60
\BOOKMARK [2][]{subsection.1.D.1}{\376\377\0004\000.\0001\000\040\225\356\230\230\116\000\124\004\230\316\220\037\116\013\166\204\133\214\145\164\162\266\140\001\123\302\145\160}{appendix.1.D}% 61
\BOOKMARK [2][]{subsection.1.D.2}{\376\377\0004\000.\0002\000\040\000N\000S\000G\000A\000-\000I\000I\000I\117\030\123\026\217\307\172\013\145\066\145\133\146\362\176\277}{appendix.1.D}% 62
